<?xml version="1.0"?>
<h:html xmlns="http://www.w3.org/2002/xforms" xmlns:h="http://www.w3.org/1999/xhtml" xmlns:ev="http://www.w3.org/2001/xml-events" xmlns:xsd="http://www.w3.org/2001/XMLSchema" xmlns:jr="http://openrosa.org/javarosa" xmlns:orx="http://openrosa.org/xforms" xmlns:odk="http://www.opendatakit.org/xforms">
  <h:head>
    <h:title>instanceId Test</h:title>
    <model odk:xforms-version="1.0.0">
      <instance>
        <data id="test-form" version="20240506130956">
          <meta>
            <instanceID/>
          </meta>
        </data>
      </instance>
      <instance id="image">
        <root>
        </root>
      </instance>
      <bind nodeset="/data/meta/instanceID" type="string" readonly="true()" jr:preload="uid"/>
    </model>
  </h:head>
  <h:body>
  </h:body>
</h:html>
